{
  "RSpec": {
    "coverage": {
      "/Users/josephdowns/turing/4module/projects/tea_service/app/models/customer.rb": {
        "lines": [
          1,
          1,
          1,
          null,
          1,
          1,
          null
        ]
      },
      "/Users/josephdowns/turing/4module/projects/tea_service/app/models/application_record.rb": {
        "lines": [
          1,
          1,
          null
        ]
      },
      "/Users/josephdowns/turing/4module/projects/tea_service/app/models/subscription.rb": {
        "lines": [
          1,
          1,
          1,
          null,
          1,
          null,
          null
        ]
      },
      "/Users/josephdowns/turing/4module/projects/tea_service/app/models/tea.rb": {
        "lines": [
          1,
          1,
          null
        ]
      },
      "/Users/josephdowns/turing/4module/projects/tea_service/app/controllers/api/v1/customers_controller.rb": {
        "lines": [
          1,
          1,
          1,
          1,
          null,
          null,
          1,
          null,
          null,
          1,
          1,
          1,
          null,
          null,
          1,
          1,
          null,
          null,
          1,
          0,
          0,
          null,
          null,
          null
        ]
      },
      "/Users/josephdowns/turing/4module/projects/tea_service/app/controllers/application_controller.rb": {
        "lines": [
          1,
          null
        ]
      },
      "/Users/josephdowns/turing/4module/projects/tea_service/app/serializers/customer_serializer.rb": {
        "lines": [
          1,
          1,
          null,
          1,
          null,
          null,
          null,
          null,
          null,
          null,
          null,
          null,
          null,
          null,
          null,
          null,
          1,
          null,
          1,
          null,
          null,
          null,
          null,
          null,
          null,
          null,
          null,
          null,
          null,
          null,
          null,
          null,
          null,
          null,
          null,
          null,
          null,
          null,
          null,
          null,
          null,
          null,
          null,
          1,
          0,
          null,
          0,
          null,
          null,
          null,
          null,
          null,
          null,
          null,
          null,
          null,
          null,
          null,
          null,
          null
        ]
      },
      "/Users/josephdowns/turing/4module/projects/tea_service/app/models/customers_subscription.rb": {
        "lines": [
          1,
          1,
          1,
          null,
          1,
          null,
          null,
          null,
          null
        ]
      },
      "/Users/josephdowns/turing/4module/projects/tea_service/app/controllers/api/v1/customers_subscriptions_controller.rb": {
        "lines": [
          1,
          1,
          1,
          1,
          null,
          null,
          1,
          1,
          1,
          1,
          1,
          null,
          null,
          1,
          1,
          null,
          null
        ]
      },
      "/Users/josephdowns/turing/4module/projects/tea_service/app/serializers/customers_subscription_serializer.rb": {
        "lines": [
          1,
          1,
          null,
          1,
          null,
          null,
          null,
          null,
          null,
          null,
          null,
          null,
          1,
          null,
          1,
          null,
          null,
          null,
          null,
          null,
          null,
          null,
          null
        ]
      },
      "/Users/josephdowns/turing/4module/projects/tea_service/app/serializers/subscription_serializer.rb": {
        "lines": [
          0,
          0,
          0,
          0,
          0,
          0,
          0,
          0,
          0,
          0,
          0,
          0,
          0,
          0,
          0,
          0,
          0
        ],
        "branches": {
        }
      },
      "/Users/josephdowns/turing/4module/projects/tea_service/app/controllers/api/v1/subscriptions_controller.rb": {
        "lines": [
          0,
          0,
          0,
          0,
          0,
          0
        ],
        "branches": {
        }
      }
    },
    "timestamp": 1659724689
  }
}
