{
  "RSpec": {
    "coverage": {
      "/Users/josephdowns/turing/4module/projects/tea_service/app/models/customer.rb": {
        "lines": [
          1,
          1,
          null,
          1,
          1,
          null
        ]
      },
      "/Users/josephdowns/turing/4module/projects/tea_service/app/models/application_record.rb": {
        "lines": [
          1,
          1,
          null
        ]
      },
      "/Users/josephdowns/turing/4module/projects/tea_service/app/models/subscription.rb": {
        "lines": [
          1,
          1,
          null,
          1,
          null,
          1,
          null,
          null,
          null,
          null,
          null
        ]
      },
      "/Users/josephdowns/turing/4module/projects/tea_service/app/models/tea.rb": {
        "lines": [
          1,
          1,
          null
        ]
      },
      "/Users/josephdowns/turing/4module/projects/tea_service/app/controllers/application_controller.rb": {
        "lines": [
          0,
          0
        ],
        "branches": {
        }
      }
    },
    "timestamp": 1659502770
  }
}
